{
  "bug_id": "MRR-LOGIC_ERRORS-202508-0112",
  "category": "logic_errors",
  "subcategory": "incorrect_operator",
  "language": "python",
  "description": "Logic bug: incorrect_operator producing incorrect results",
  "complexity": {
    "spatial_distribution": 4,
    "temporal_spread_months": 3,
    "abstraction_layers": 2,
    "obfuscation_level": "medium",
    "cross_module_dependencies": 3,
    "artifact_types": 5
  },
  "code_snippets": {
    "buggy_code": "def is_even(n):\n    return n / 2 == 0",
    "fixed_code": "def is_even(n):\n    return n % 2 == 0"
  },
  "scattered_context": [
    {
      "file_path": "controllers/file_1.py",
      "content": "# Helper code for logic_errors\ndef helper(): pass",
      "relevance": "low",
      "relationship": "extends",
      "specific_issue": "Related to logic_errors issue",
      "line_numbers": [
        110,
        186,
        19,
        15
      ]
    },
    {
      "file_path": "core/file_2.py",
      "content": "# Helper code for logic_errors\ndef helper(): pass",
      "relevance": "low",
      "relationship": "uses",
      "specific_issue": "Related to logic_errors issue",
      "line_numbers": [
        60,
        108,
        129,
        127
      ]
    },
    {
      "file_path": "utils/file_3.py",
      "content": "class CriticalComponent:\n    def process(self, data):\n        # Critical logic related to logic_errors\n        if not self.validate(data):\n            raise ValueError(\"Invalid data\")\n        return self.transform(data)\n    \n    def validate(self, data):\n        # Validation logic\n        return data is not None",
      "relevance": "critical",
      "relationship": "calls",
      "specific_issue": "Related to logic_errors issue",
      "line_numbers": [
        195
      ]
    },
    {
      "file_path": "utils/file_4.py",
      "content": "def important_function(param):\n    # Important logic for logic_errors\n    result = []\n    for item in param:\n        result.append(process_item(item))\n    return result",
      "relevance": "high",
      "relationship": "tests",
      "specific_issue": "Related to logic_errors issue",
      "line_numbers": [
        111,
        15
      ]
    }
  ],
  "temporal_info": {
    "bug_introduced": "2025-05-09",
    "temporal_spread_days": 90,
    "refactoring_events": 1,
    "related_commits": [
      {
        "hash": "5fd67fb9",
        "date": "2025-06-11",
        "message": "Refactored module 0",
        "files": [
          "file_0.py",
          "file_1.py",
          "file_2.py",
          "file_3.py"
        ]
      },
      {
        "hash": "94d3bf18",
        "date": "2025-06-10",
        "message": "Refactored module 1",
        "files": [
          "file_0.py",
          "file_1.py",
          "file_2.py",
          "file_3.py"
        ]
      },
      {
        "hash": "b9169d7a",
        "date": "2025-08-07",
        "message": "Refactored module 2",
        "files": [
          "file_0.py",
          "file_1.py",
          "file_2.py",
          "file_3.py",
          "file_4.py"
        ]
      }
    ]
  },
  "retrieval_paths": {
    "explicit": [
      {
        "from": "controllers/file_1.py",
        "to": "core/file_2.py",
        "type": "extends"
      },
      {
        "from": "core/file_2.py",
        "to": "utils/file_3.py",
        "type": "imports"
      },
      {
        "from": "utils/file_3.py",
        "to": "utils/file_4.py",
        "type": "calls"
      }
    ],
    "implicit": [
      {
        "files": [
          "controllers/file_1.py",
          "utils/file_4.py",
          "utils/file_3.py"
        ],
        "pattern": "shared_dependency"
      },
      {
        "files": [
          "utils/file_4.py",
          "utils/file_3.py",
          "controllers/file_1.py"
        ],
        "pattern": "shared_dependency"
      }
    ],
    "compositional": [
      {
        "path": [
          "controllers/file_1.py",
          "utils/file_3.py"
        ],
        "depth": 1
      },
      {
        "path": [
          "utils/file_4.py",
          "core/file_2.py",
          "utils/file_3.py"
        ],
        "depth": 2
      }
    ]
  },
  "obfuscation": {
    "obfuscation_level": "medium",
    "renamed_entities": {
      "function_0": "eovnayhj",
      "function_1": "hxpcsquy",
      "function_2": "vogmhlhk",
      "function_3": "gtjfqphc",
      "function_4": "ggitqdgk",
      "function_5": "zmxjodrc"
    },
    "moved_files": 3,
    "refactored_modules": 0
  },
  "ground_truth": {
    "root_cause": "incorrect_operator in main processing logic",
    "fix_type": "logic_correction",
    "must_find_files": [
      "utils/file_3.py",
      "utils/file_4.py"
    ],
    "should_find_files": [],
    "expected_behavior": {
      "should_not_error": true,
      "expected_output": "Correct processing result",
      "performance_threshold": 1.6591623427626996
    }
  },
  "test_artifacts": [
    {
      "file_name": "test_logic_errors_1.python",
      "test_code": "import unittest\n\nclass TestLogic_Errors(unittest.TestCase):\n    def test_scenario_1(self):\n        # Test for logic_errors\n        result = function_under_test(test_data)\n        self.assertEqual(result, expected_result)\n",
      "test_type": "integration"
    },
    {
      "file_name": "test_logic_errors_2.python",
      "test_code": "import unittest\n\nclass TestLogic_Errors(unittest.TestCase):\n    def test_scenario_2(self):\n        # Test for logic_errors\n        result = function_under_test(test_data)\n        self.assertEqual(result, expected_result)\n",
      "test_type": "integration"
    }
  ],
  "error_artifacts": [
    {
      "error_type": "logic_errors",
      "error_message": "AssertionError: Expected 5 but got 4",
      "stack_trace": "Traceback (most recent call last):\n  File \"main.py\", line 42, in <module>\n    result = process_data(input_data)\n  File \"processor.py\", line 15, in process_data\n    return transform(validate(data))\n  File \"validator.py\", line 8, in validate\n    raise ValueError(\"Invalid data\")\nValueError: Invalid data",
      "timestamp": "2025-08-07T02:22:49.668164"
    }
  ],
  "symptoms": [
    "Incorrect output produced",
    "Test cases failing",
    "Unexpected behavior"
  ],
  "error_location": {
    "file": "main.py",
    "line": 99,
    "function": "process_function",
    "module": "core"
  },
  "evaluation_criteria": {
    "must_find_files": [
      "utils/file_3.py"
    ],
    "should_find_files": [
      "utils/file_4.py"
    ],
    "retrieval_threshold": 0.75,
    "fix_validation": "must_pass_tests"
  }
}