{
  "bug_id": "MRR-LOGIC_ERRORS-202508-1007",
  "category": "logic_errors",
  "subcategory": "wrong_condition",
  "language": "python",
  "description": "Logic bug: wrong_condition producing incorrect results",
  "complexity": {
    "spatial_distribution": 3,
    "temporal_spread_months": 4,
    "abstraction_layers": 3,
    "obfuscation_level": "low",
    "cross_module_dependencies": 1,
    "artifact_types": 4
  },
  "code_snippets": {
    "buggy_code": "def buggy_function_wrong_condition(data):\n    # Bug: wrong_condition\n    result = []\n    for item in data:\n        # Buggy logic here\n        if item > 0:\n            result.append(item)\n    return result",
    "fixed_code": "def fixed_function_wrong_condition(data):\n    # Fixed: wrong_condition\n    result = []\n    for item in data:\n        # Fixed logic here\n        if item >= 0:\n            result.append(item)\n    return result"
  },
  "scattered_context": [
    {
      "file_path": "utils/file_1.py",
      "content": "class CriticalComponent:\n    def process(self, data):\n        # Critical logic related to logic_errors\n        if not self.validate(data):\n            raise ValueError(\"Invalid data\")\n        return self.transform(data)\n    \n    def validate(self, data):\n        # Validation logic\n        return data is not None",
      "relevance": "critical",
      "relationship": "extends",
      "specific_issue": "Related to logic_errors issue",
      "line_numbers": [
        104,
        163
      ]
    },
    {
      "file_path": "models/file_2.py",
      "content": "class CriticalComponent:\n    def process(self, data):\n        # Critical logic related to logic_errors\n        if not self.validate(data):\n            raise ValueError(\"Invalid data\")\n        return self.transform(data)\n    \n    def validate(self, data):\n        # Validation logic\n        return data is not None",
      "relevance": "critical",
      "relationship": "imports",
      "specific_issue": "Related to logic_errors issue",
      "line_numbers": [
        114,
        144,
        114
      ]
    },
    {
      "file_path": "controllers/file_3.py",
      "content": "# Helper code for logic_errors\ndef helper(): pass",
      "relevance": "medium",
      "relationship": "extends",
      "specific_issue": "Related to logic_errors issue",
      "line_numbers": [
        137,
        55,
        136,
        112,
        18
      ]
    }
  ],
  "temporal_info": {
    "bug_introduced": "2025-04-09",
    "temporal_spread_days": 120,
    "refactoring_events": 1,
    "related_commits": [
      {
        "hash": "5fd67fb9",
        "date": "2025-06-03",
        "message": "Refactored module 0",
        "files": [
          "file_0.py",
          "file_1.py"
        ]
      },
      {
        "hash": "94d3bf18",
        "date": "2025-05-12",
        "message": "Refactored module 1",
        "files": [
          "file_0.py",
          "file_1.py",
          "file_2.py"
        ]
      },
      {
        "hash": "b9169d7a",
        "date": "2025-06-17",
        "message": "Refactored module 2",
        "files": [
          "file_0.py",
          "file_1.py",
          "file_2.py"
        ]
      }
    ]
  },
  "retrieval_paths": {
    "explicit": [
      {
        "from": "utils/file_1.py",
        "to": "models/file_2.py",
        "type": "extends"
      },
      {
        "from": "models/file_2.py",
        "to": "controllers/file_3.py",
        "type": "calls"
      }
    ],
    "implicit": [
      {
        "files": [
          "models/file_2.py",
          "controllers/file_3.py",
          "utils/file_1.py"
        ],
        "pattern": "shared_dependency"
      }
    ],
    "compositional": [
      {
        "path": [
          "models/file_2.py",
          "controllers/file_3.py"
        ],
        "depth": 1
      },
      {
        "path": [
          "utils/file_1.py",
          "controllers/file_3.py",
          "models/file_2.py"
        ],
        "depth": 2
      },
      {
        "path": [
          "utils/file_1.py",
          "controllers/file_3.py",
          "models/file_2.py"
        ],
        "depth": 3
      }
    ]
  },
  "obfuscation": {
    "obfuscation_level": "low",
    "renamed_entities": {
      "variable_0": "var_0",
      "variable_1": "var_1"
    },
    "moved_files": 0,
    "refactored_modules": 0
  },
  "ground_truth": {
    "root_cause": "wrong_condition in main processing logic",
    "fix_type": "logic_correction",
    "must_find_files": [
      "utils/file_1.py",
      "models/file_2.py"
    ],
    "should_find_files": [
      "controllers/file_3.py"
    ],
    "expected_behavior": {
      "should_not_error": true,
      "expected_output": "Correct processing result",
      "performance_threshold": 1.9561869235251148
    }
  },
  "test_artifacts": [
    {
      "file_name": "test_logic_errors_1.python",
      "test_code": "import unittest\n\nclass TestLogic_Errors(unittest.TestCase):\n    def test_scenario_1(self):\n        # Test for logic_errors\n        result = function_under_test(test_data)\n        self.assertEqual(result, expected_result)\n",
      "test_type": "unit"
    }
  ],
  "error_artifacts": [
    {
      "error_type": "logic_errors",
      "error_message": "AssertionError: Expected 5 but got 4",
      "stack_trace": "Traceback (most recent call last):\n  File \"main.py\", line 42, in <module>\n    result = process_data(input_data)\n  File \"processor.py\", line 15, in process_data\n    return transform(validate(data))\n  File \"validator.py\", line 8, in validate\n    raise ValueError(\"Invalid data\")\nValueError: Invalid data",
      "timestamp": "2025-08-07T02:22:50.063998"
    },
    {
      "error_type": "logic_errors",
      "error_message": "AssertionError: Expected 5 but got 4",
      "stack_trace": "Traceback (most recent call last):\n  File \"main.py\", line 42, in <module>\n    result = process_data(input_data)\n  File \"processor.py\", line 15, in process_data\n    return transform(validate(data))\n  File \"validator.py\", line 8, in validate\n    raise ValueError(\"Invalid data\")\nValueError: Invalid data",
      "timestamp": "2025-08-07T02:22:50.064000"
    }
  ],
  "symptoms": [
    "Incorrect output produced",
    "Test cases failing",
    "Unexpected behavior"
  ],
  "error_location": {
    "file": "main.py",
    "line": 44,
    "function": "process_function",
    "module": "utils"
  },
  "evaluation_criteria": {
    "must_find_files": [
      "utils/file_1.py",
      "models/file_2.py"
    ],
    "should_find_files": [],
    "retrieval_threshold": 0.75,
    "fix_validation": "must_pass_tests"
  }
}