{
  "bug_id": "MRR-LOGIC_ERRORS-202508-1171",
  "category": "logic_errors",
  "subcategory": "wrong_condition",
  "language": "python",
  "description": "Logic bug: wrong_condition producing incorrect results",
  "complexity": {
    "spatial_distribution": 4,
    "temporal_spread_months": 6,
    "abstraction_layers": 3,
    "obfuscation_level": "medium",
    "cross_module_dependencies": 3,
    "artifact_types": 4
  },
  "code_snippets": {
    "buggy_code": "def buggy_function_wrong_condition(data):\n    # Bug: wrong_condition\n    result = []\n    for item in data:\n        # Buggy logic here\n        if item > 0:\n            result.append(item)\n    return result",
    "fixed_code": "def fixed_function_wrong_condition(data):\n    # Fixed: wrong_condition\n    result = []\n    for item in data:\n        # Fixed logic here\n        if item >= 0:\n            result.append(item)\n    return result"
  },
  "scattered_context": [
    {
      "file_path": "services/file_1.py",
      "content": "# Helper code for logic_errors\ndef helper(): pass",
      "relevance": "low",
      "relationship": "imports",
      "specific_issue": "Related to logic_errors issue",
      "line_numbers": [
        20,
        142,
        145,
        71
      ]
    },
    {
      "file_path": "utils/file_2.py",
      "content": "# Helper code for logic_errors\ndef helper(): pass",
      "relevance": "low",
      "relationship": "uses",
      "specific_issue": "Related to logic_errors issue",
      "line_numbers": [
        26,
        149,
        178
      ]
    },
    {
      "file_path": "models/file_3.py",
      "content": "# Helper code for logic_errors\ndef helper(): pass",
      "relevance": "medium",
      "relationship": "uses",
      "specific_issue": "Related to logic_errors issue",
      "line_numbers": [
        129,
        85,
        169
      ]
    },
    {
      "file_path": "services/file_4.py",
      "content": "# Helper code for logic_errors\ndef helper(): pass",
      "relevance": "low",
      "relationship": "tests",
      "specific_issue": "Related to logic_errors issue",
      "line_numbers": [
        24,
        99,
        58,
        190,
        64
      ]
    }
  ],
  "temporal_info": {
    "bug_introduced": "2025-02-08",
    "temporal_spread_days": 180,
    "refactoring_events": 1,
    "related_commits": [
      {
        "hash": "5fd67fb9",
        "date": "2025-02-17",
        "message": "Refactored module 0",
        "files": [
          "file_0.py",
          "file_1.py"
        ]
      },
      {
        "hash": "94d3bf18",
        "date": "2025-06-13",
        "message": "Refactored module 1",
        "files": [
          "file_0.py",
          "file_1.py",
          "file_2.py"
        ]
      },
      {
        "hash": "b9169d7a",
        "date": "2025-03-28",
        "message": "Refactored module 2",
        "files": [
          "file_0.py",
          "file_1.py",
          "file_2.py",
          "file_3.py",
          "file_4.py"
        ]
      },
      {
        "hash": "d7263f20",
        "date": "2025-04-18",
        "message": "Refactored module 3",
        "files": [
          "file_0.py",
          "file_1.py",
          "file_2.py",
          "file_3.py"
        ]
      },
      {
        "hash": "8416941f",
        "date": "2025-02-15",
        "message": "Refactored module 4",
        "files": [
          "file_0.py",
          "file_1.py",
          "file_2.py"
        ]
      },
      {
        "hash": "edd0a651",
        "date": "2025-05-29",
        "message": "Refactored module 5",
        "files": [
          "file_0.py",
          "file_1.py",
          "file_2.py",
          "file_3.py"
        ]
      },
      {
        "hash": "a67f5b4e",
        "date": "2025-06-09",
        "message": "Refactored module 6",
        "files": [
          "file_0.py"
        ]
      },
      {
        "hash": "e32a385c",
        "date": "2025-04-27",
        "message": "Refactored module 7",
        "files": [
          "file_0.py",
          "file_1.py",
          "file_2.py",
          "file_3.py",
          "file_4.py"
        ]
      }
    ]
  },
  "retrieval_paths": {
    "explicit": [
      {
        "from": "services/file_1.py",
        "to": "utils/file_2.py",
        "type": "imports"
      },
      {
        "from": "utils/file_2.py",
        "to": "models/file_3.py",
        "type": "imports"
      },
      {
        "from": "models/file_3.py",
        "to": "services/file_4.py",
        "type": "extends"
      }
    ],
    "implicit": [
      {
        "files": [
          "services/file_4.py",
          "utils/file_2.py",
          "services/file_1.py"
        ],
        "pattern": "shared_dependency"
      },
      {
        "files": [
          "services/file_4.py",
          "services/file_1.py",
          "utils/file_2.py"
        ],
        "pattern": "shared_dependency"
      }
    ],
    "compositional": [
      {
        "path": [
          "utils/file_2.py",
          "models/file_3.py"
        ],
        "depth": 1
      },
      {
        "path": [
          "services/file_1.py",
          "services/file_4.py",
          "models/file_3.py"
        ],
        "depth": 2
      },
      {
        "path": [
          "models/file_3.py",
          "services/file_1.py",
          "services/file_4.py",
          "utils/file_2.py"
        ],
        "depth": 3
      }
    ]
  },
  "obfuscation": {
    "obfuscation_level": "medium",
    "renamed_entities": {
      "function_0": "pypguhcv",
      "function_1": "seatzluv",
      "function_2": "fujqhlap",
      "function_3": "dmijvqyv",
      "function_4": "tmorgily"
    },
    "moved_files": 0,
    "refactored_modules": 0
  },
  "ground_truth": {
    "root_cause": "wrong_condition in main processing logic",
    "fix_type": "logic_correction",
    "must_find_files": [],
    "should_find_files": [
      "models/file_3.py"
    ],
    "expected_behavior": {
      "should_not_error": true,
      "expected_output": "Correct processing result",
      "performance_threshold": 0.6247733757284506
    }
  },
  "test_artifacts": [
    {
      "file_name": "test_logic_errors_1.python",
      "test_code": "import unittest\n\nclass TestLogic_Errors(unittest.TestCase):\n    def test_scenario_1(self):\n        # Test for logic_errors\n        result = function_under_test(test_data)\n        self.assertEqual(result, expected_result)\n",
      "test_type": "integration"
    },
    {
      "file_name": "test_logic_errors_2.python",
      "test_code": "import unittest\n\nclass TestLogic_Errors(unittest.TestCase):\n    def test_scenario_2(self):\n        # Test for logic_errors\n        result = function_under_test(test_data)\n        self.assertEqual(result, expected_result)\n",
      "test_type": "integration"
    },
    {
      "file_name": "test_logic_errors_3.python",
      "test_code": "import unittest\n\nclass TestLogic_Errors(unittest.TestCase):\n    def test_scenario_3(self):\n        # Test for logic_errors\n        result = function_under_test(test_data)\n        self.assertEqual(result, expected_result)\n",
      "test_type": "unit"
    }
  ],
  "error_artifacts": [
    {
      "error_type": "logic_errors",
      "error_message": "AssertionError: Expected 5 but got 4",
      "stack_trace": "Traceback (most recent call last):\n  File \"main.py\", line 42, in <module>\n    result = process_data(input_data)\n  File \"processor.py\", line 15, in process_data\n    return transform(validate(data))\n  File \"validator.py\", line 8, in validate\n    raise ValueError(\"Invalid data\")\nValueError: Invalid data",
      "timestamp": "2025-08-07T02:22:50.137580"
    },
    {
      "error_type": "logic_errors",
      "error_message": "AssertionError: Expected 5 but got 4",
      "stack_trace": "Traceback (most recent call last):\n  File \"main.py\", line 42, in <module>\n    result = process_data(input_data)\n  File \"processor.py\", line 15, in process_data\n    return transform(validate(data))\n  File \"validator.py\", line 8, in validate\n    raise ValueError(\"Invalid data\")\nValueError: Invalid data",
      "timestamp": "2025-08-07T02:22:50.137582"
    }
  ],
  "symptoms": [
    "Incorrect output produced",
    "Test cases failing",
    "Unexpected behavior"
  ],
  "error_location": {
    "file": "main.py",
    "line": 137,
    "function": "process_function",
    "module": "core"
  },
  "evaluation_criteria": {
    "must_find_files": [],
    "should_find_files": [],
    "retrieval_threshold": 0.75,
    "fix_validation": "must_pass_tests"
  }
}