{
  "bug_id": "MRR-SYNTAX_ERRORS-202508-0421",
  "category": "syntax_errors",
  "subcategory": "invalid_character",
  "language": "python",
  "description": "Syntax error: invalid_character causing compilation failure",
  "complexity": {
    "spatial_distribution": 2,
    "temporal_spread_months": 1,
    "abstraction_layers": 1,
    "obfuscation_level": "medium",
    "cross_module_dependencies": 0,
    "artifact_types": 3
  },
  "code_snippets": {
    "buggy_code": "def buggy_function_invalid_character(data):\n    # Bug: invalid_character\n    result = []\n    for item in data:\n        # Buggy logic here\n        if item > 0:\n            result.append(item)\n    return result",
    "fixed_code": "def fixed_function_invalid_character(data):\n    # Fixed: invalid_character\n    result = []\n    for item in data:\n        # Fixed logic here\n        if item >= 0:\n            result.append(item)\n    return result"
  },
  "scattered_context": [
    {
      "file_path": "services/file_1.py",
      "content": "class CriticalComponent:\n    def process(self, data):\n        # Critical logic related to syntax_errors\n        if not self.validate(data):\n            raise ValueError(\"Invalid data\")\n        return self.transform(data)\n    \n    def validate(self, data):\n        # Validation logic\n        return data is not None",
      "relevance": "critical",
      "relationship": "tests",
      "specific_issue": "Related to syntax_errors issue",
      "line_numbers": [
        166,
        116
      ]
    },
    {
      "file_path": "models/file_2.py",
      "content": "def important_function(param):\n    # Important logic for syntax_errors\n    result = []\n    for item in param:\n        result.append(process_item(item))\n    return result",
      "relevance": "high",
      "relationship": "imports",
      "specific_issue": "Related to syntax_errors issue",
      "line_numbers": [
        139,
        92
      ]
    }
  ],
  "temporal_info": {
    "bug_introduced": "2025-07-08",
    "temporal_spread_days": 30,
    "refactoring_events": 3,
    "related_commits": [
      {
        "hash": "5fd67fb9",
        "date": "2025-07-08",
        "message": "Refactored module 0",
        "files": [
          "file_0.py",
          "file_1.py"
        ]
      },
      {
        "hash": "94d3bf18",
        "date": "2025-07-14",
        "message": "Refactored module 1",
        "files": [
          "file_0.py",
          "file_1.py"
        ]
      },
      {
        "hash": "b9169d7a",
        "date": "2025-07-18",
        "message": "Refactored module 2",
        "files": [
          "file_0.py"
        ]
      },
      {
        "hash": "d7263f20",
        "date": "2025-07-10",
        "message": "Refactored module 3",
        "files": [
          "file_0.py",
          "file_1.py",
          "file_2.py"
        ]
      }
    ]
  },
  "retrieval_paths": {
    "explicit": [
      {
        "from": "services/file_1.py",
        "to": "models/file_2.py",
        "type": "imports"
      }
    ],
    "implicit": [
      {
        "files": [
          "models/file_2.py",
          "services/file_1.py"
        ],
        "pattern": "shared_dependency"
      }
    ],
    "compositional": [
      {
        "path": [
          "services/file_1.py",
          "models/file_2.py"
        ],
        "depth": 1
      }
    ]
  },
  "obfuscation": {
    "obfuscation_level": "medium",
    "renamed_entities": {
      "function_0": "ovhjgcse",
      "function_1": "nuylkgwc",
      "function_2": "bimseyrt"
    },
    "moved_files": 1,
    "refactored_modules": 0
  },
  "ground_truth": {
    "root_cause": "invalid_character in main processing logic",
    "fix_type": "syntax_correction",
    "must_find_files": [
      "services/file_1.py",
      "models/file_2.py"
    ],
    "should_find_files": [],
    "expected_behavior": {
      "should_not_error": true,
      "expected_output": "Correct processing result",
      "performance_threshold": 0.5099796490570621
    }
  },
  "test_artifacts": [
    {
      "file_name": "test_syntax_errors_1.python",
      "test_code": "import unittest\n\nclass TestSyntax_Errors(unittest.TestCase):\n    def test_scenario_1(self):\n        # Test for syntax_errors\n        result = function_under_test(test_data)\n        self.assertEqual(result, expected_result)\n",
      "test_type": "e2e"
    },
    {
      "file_name": "test_syntax_errors_2.python",
      "test_code": "import unittest\n\nclass TestSyntax_Errors(unittest.TestCase):\n    def test_scenario_2(self):\n        # Test for syntax_errors\n        result = function_under_test(test_data)\n        self.assertEqual(result, expected_result)\n",
      "test_type": "e2e"
    },
    {
      "file_name": "test_syntax_errors_3.python",
      "test_code": "import unittest\n\nclass TestSyntax_Errors(unittest.TestCase):\n    def test_scenario_3(self):\n        # Test for syntax_errors\n        result = function_under_test(test_data)\n        self.assertEqual(result, expected_result)\n",
      "test_type": "unit"
    }
  ],
  "error_artifacts": [
    {
      "error_type": "syntax_errors",
      "error_message": "SyntaxError: invalid syntax at line 81",
      "stack_trace": "Traceback (most recent call last):\n  File \"main.py\", line 42, in <module>\n    result = process_data(input_data)\n  File \"processor.py\", line 15, in process_data\n    return transform(validate(data))\n  File \"validator.py\", line 8, in validate\n    raise ValueError(\"Invalid data\")\nValueError: Invalid data",
      "timestamp": "2025-08-07T02:22:49.593494"
    },
    {
      "error_type": "syntax_errors",
      "error_message": "SyntaxError: invalid syntax at line 46",
      "stack_trace": "Traceback (most recent call last):\n  File \"main.py\", line 42, in <module>\n    result = process_data(input_data)\n  File \"processor.py\", line 15, in process_data\n    return transform(validate(data))\n  File \"validator.py\", line 8, in validate\n    raise ValueError(\"Invalid data\")\nValueError: Invalid data",
      "timestamp": "2025-08-07T02:22:49.593495"
    }
  ],
  "symptoms": [
    "Code fails to compile/run",
    "Syntax error message displayed",
    "IDE highlights error"
  ],
  "error_location": {
    "file": "main.py",
    "line": 74,
    "function": "process_function",
    "module": "core"
  },
  "evaluation_criteria": {
    "must_find_files": [
      "services/file_1.py"
    ],
    "should_find_files": [
      "models/file_2.py"
    ],
    "retrieval_threshold": 0.75,
    "fix_validation": "must_pass_tests"
  }
}