{
  "bug_id": "MRR-SYNTAX_ERRORS-202508-0241",
  "category": "syntax_errors",
  "subcategory": "missing_bracket",
  "language": "python",
  "description": "Syntax error: missing_bracket causing compilation failure",
  "complexity": {
    "spatial_distribution": 2,
    "temporal_spread_months": 1,
    "abstraction_layers": 1,
    "obfuscation_level": "medium",
    "cross_module_dependencies": 1,
    "artifact_types": 2
  },
  "code_snippets": {
    "buggy_code": "def calculate(a, b):\n    return (a + b * 2",
    "fixed_code": "def calculate(a, b):\n    return (a + b) * 2"
  },
  "scattered_context": [
    {
      "file_path": "utils/file_1.py",
      "content": "# Helper code for syntax_errors\ndef helper(): pass",
      "relevance": "low",
      "relationship": "extends",
      "specific_issue": "Related to syntax_errors issue",
      "line_numbers": [
        182,
        43,
        183,
        13
      ]
    },
    {
      "file_path": "services/file_2.py",
      "content": "def important_function(param):\n    # Important logic for syntax_errors\n    result = []\n    for item in param:\n        result.append(process_item(item))\n    return result",
      "relevance": "high",
      "relationship": "implements",
      "specific_issue": "Related to syntax_errors issue",
      "line_numbers": [
        57,
        63,
        27,
        135
      ]
    }
  ],
  "temporal_info": {
    "bug_introduced": "2025-07-08",
    "temporal_spread_days": 30,
    "refactoring_events": 5,
    "related_commits": [
      {
        "hash": "5fd67fb9",
        "date": "2025-07-10",
        "message": "Refactored module 0",
        "files": [
          "file_0.py",
          "file_1.py"
        ]
      },
      {
        "hash": "94d3bf18",
        "date": "2025-08-05",
        "message": "Refactored module 1",
        "files": [
          "file_0.py",
          "file_1.py",
          "file_2.py",
          "file_3.py",
          "file_4.py"
        ]
      },
      {
        "hash": "b9169d7a",
        "date": "2025-07-12",
        "message": "Refactored module 2",
        "files": [
          "file_0.py",
          "file_1.py",
          "file_2.py",
          "file_3.py",
          "file_4.py"
        ]
      },
      {
        "hash": "d7263f20",
        "date": "2025-07-16",
        "message": "Refactored module 3",
        "files": [
          "file_0.py",
          "file_1.py"
        ]
      },
      {
        "hash": "8416941f",
        "date": "2025-07-23",
        "message": "Refactored module 4",
        "files": [
          "file_0.py",
          "file_1.py"
        ]
      },
      {
        "hash": "edd0a651",
        "date": "2025-07-08",
        "message": "Refactored module 5",
        "files": [
          "file_0.py",
          "file_1.py",
          "file_2.py"
        ]
      }
    ]
  },
  "retrieval_paths": {
    "explicit": [
      {
        "from": "utils/file_1.py",
        "to": "services/file_2.py",
        "type": "imports"
      }
    ],
    "implicit": [
      {
        "files": [
          "services/file_2.py",
          "utils/file_1.py"
        ],
        "pattern": "shared_dependency"
      }
    ],
    "compositional": [
      {
        "path": [
          "services/file_2.py",
          "utils/file_1.py"
        ],
        "depth": 1
      }
    ]
  },
  "obfuscation": {
    "obfuscation_level": "medium",
    "renamed_entities": {
      "function_0": "uccxrpws",
      "function_1": "gwwrbzel",
      "function_2": "lgknutcw",
      "function_3": "aumrfaqm",
      "function_4": "oesdtgvo",
      "function_5": "idvnyfxl",
      "function_6": "ltkwxkrs"
    },
    "moved_files": 1,
    "refactored_modules": 0
  },
  "ground_truth": {
    "root_cause": "missing_bracket in main processing logic",
    "fix_type": "syntax_correction",
    "must_find_files": [
      "services/file_2.py"
    ],
    "should_find_files": [],
    "expected_behavior": {
      "should_not_error": true,
      "expected_output": "Correct processing result",
      "performance_threshold": 1.1016046232199184
    }
  },
  "test_artifacts": [
    {
      "file_name": "test_syntax_errors_1.python",
      "test_code": "import unittest\n\nclass TestSyntax_Errors(unittest.TestCase):\n    def test_scenario_1(self):\n        # Test for syntax_errors\n        result = function_under_test(test_data)\n        self.assertEqual(result, expected_result)\n",
      "test_type": "integration"
    },
    {
      "file_name": "test_syntax_errors_2.python",
      "test_code": "import unittest\n\nclass TestSyntax_Errors(unittest.TestCase):\n    def test_scenario_2(self):\n        # Test for syntax_errors\n        result = function_under_test(test_data)\n        self.assertEqual(result, expected_result)\n",
      "test_type": "integration"
    }
  ],
  "error_artifacts": [
    {
      "error_type": "syntax_errors",
      "error_message": "SyntaxError: invalid syntax at line 36",
      "stack_trace": "Traceback (most recent call last):\n  File \"main.py\", line 42, in <module>\n    result = process_data(input_data)\n  File \"processor.py\", line 15, in process_data\n    return transform(validate(data))\n  File \"validator.py\", line 8, in validate\n    raise ValueError(\"Invalid data\")\nValueError: Invalid data",
      "timestamp": "2025-08-07T02:22:49.532836"
    },
    {
      "error_type": "syntax_errors",
      "error_message": "SyntaxError: invalid syntax at line 21",
      "stack_trace": "Traceback (most recent call last):\n  File \"main.py\", line 42, in <module>\n    result = process_data(input_data)\n  File \"processor.py\", line 15, in process_data\n    return transform(validate(data))\n  File \"validator.py\", line 8, in validate\n    raise ValueError(\"Invalid data\")\nValueError: Invalid data",
      "timestamp": "2025-08-07T02:22:49.532837"
    }
  ],
  "symptoms": [
    "Code fails to compile/run",
    "Syntax error message displayed",
    "IDE highlights error"
  ],
  "error_location": {
    "file": "main.py",
    "line": 126,
    "function": "process_function",
    "module": "core"
  },
  "evaluation_criteria": {
    "must_find_files": [],
    "should_find_files": [
      "services/file_2.py"
    ],
    "retrieval_threshold": 0.75,
    "fix_validation": "must_pass_tests"
  }
}