{
  "bug_id": "MRR-SYNTAX_ERRORS-202508-0311",
  "category": "syntax_errors",
  "subcategory": "incorrect_syntax",
  "language": "python",
  "description": "Syntax error: incorrect_syntax causing compilation failure",
  "complexity": {
    "spatial_distribution": 4,
    "temporal_spread_months": 2,
    "abstraction_layers": 1,
    "obfuscation_level": "low",
    "cross_module_dependencies": 1,
    "artifact_types": 5
  },
  "code_snippets": {
    "buggy_code": "def buggy_function_incorrect_syntax(data):\n    # Bug: incorrect_syntax\n    result = []\n    for item in data:\n        # Buggy logic here\n        if item > 0:\n            result.append(item)\n    return result",
    "fixed_code": "def fixed_function_incorrect_syntax(data):\n    # Fixed: incorrect_syntax\n    result = []\n    for item in data:\n        # Fixed logic here\n        if item >= 0:\n            result.append(item)\n    return result"
  },
  "scattered_context": [
    {
      "file_path": "services/file_1.py",
      "content": "# Helper code for syntax_errors\ndef helper(): pass",
      "relevance": "low",
      "relationship": "calls",
      "specific_issue": "Related to syntax_errors issue",
      "line_numbers": [
        141,
        182,
        42,
        163
      ]
    },
    {
      "file_path": "core/file_2.py",
      "content": "# Helper code for syntax_errors\ndef helper(): pass",
      "relevance": "low",
      "relationship": "uses",
      "specific_issue": "Related to syntax_errors issue",
      "line_numbers": [
        110,
        98
      ]
    },
    {
      "file_path": "controllers/file_3.py",
      "content": "# Helper code for syntax_errors\ndef helper(): pass",
      "relevance": "medium",
      "relationship": "implements",
      "specific_issue": "Related to syntax_errors issue",
      "line_numbers": [
        96,
        196,
        181
      ]
    },
    {
      "file_path": "helpers/file_4.py",
      "content": "# Helper code for syntax_errors\ndef helper(): pass",
      "relevance": "medium",
      "relationship": "tests",
      "specific_issue": "Related to syntax_errors issue",
      "line_numbers": [
        79
      ]
    }
  ],
  "temporal_info": {
    "bug_introduced": "2025-06-08",
    "temporal_spread_days": 60,
    "refactoring_events": 5,
    "related_commits": [
      {
        "hash": "5fd67fb9",
        "date": "2025-07-01",
        "message": "Refactored module 0",
        "files": [
          "file_0.py",
          "file_1.py"
        ]
      },
      {
        "hash": "94d3bf18",
        "date": "2025-06-20",
        "message": "Refactored module 1",
        "files": [
          "file_0.py",
          "file_1.py",
          "file_2.py",
          "file_3.py"
        ]
      },
      {
        "hash": "b9169d7a",
        "date": "2025-06-26",
        "message": "Refactored module 2",
        "files": [
          "file_0.py",
          "file_1.py",
          "file_2.py",
          "file_3.py",
          "file_4.py"
        ]
      },
      {
        "hash": "d7263f20",
        "date": "2025-07-02",
        "message": "Refactored module 3",
        "files": [
          "file_0.py",
          "file_1.py",
          "file_2.py"
        ]
      },
      {
        "hash": "8416941f",
        "date": "2025-06-09",
        "message": "Refactored module 4",
        "files": [
          "file_0.py",
          "file_1.py"
        ]
      },
      {
        "hash": "edd0a651",
        "date": "2025-07-24",
        "message": "Refactored module 5",
        "files": [
          "file_0.py",
          "file_1.py",
          "file_2.py",
          "file_3.py"
        ]
      }
    ]
  },
  "retrieval_paths": {
    "explicit": [
      {
        "from": "services/file_1.py",
        "to": "core/file_2.py",
        "type": "imports"
      },
      {
        "from": "core/file_2.py",
        "to": "controllers/file_3.py",
        "type": "calls"
      },
      {
        "from": "controllers/file_3.py",
        "to": "helpers/file_4.py",
        "type": "imports"
      }
    ],
    "implicit": [
      {
        "files": [
          "core/file_2.py",
          "controllers/file_3.py",
          "services/file_1.py"
        ],
        "pattern": "shared_dependency"
      },
      {
        "files": [
          "helpers/file_4.py",
          "controllers/file_3.py",
          "core/file_2.py"
        ],
        "pattern": "shared_dependency"
      }
    ],
    "compositional": [
      {
        "path": [
          "core/file_2.py",
          "services/file_1.py"
        ],
        "depth": 1
      }
    ]
  },
  "obfuscation": {
    "obfuscation_level": "low",
    "renamed_entities": {
      "variable_0": "var_0",
      "variable_1": "var_1",
      "variable_2": "var_2"
    },
    "moved_files": 0,
    "refactored_modules": 0
  },
  "ground_truth": {
    "root_cause": "incorrect_syntax in main processing logic",
    "fix_type": "syntax_correction",
    "must_find_files": [],
    "should_find_files": [
      "controllers/file_3.py",
      "helpers/file_4.py"
    ],
    "expected_behavior": {
      "should_not_error": true,
      "expected_output": "Correct processing result",
      "performance_threshold": 0.9721396459274529
    }
  },
  "test_artifacts": [
    {
      "file_name": "test_syntax_errors_1.python",
      "test_code": "import unittest\n\nclass TestSyntax_Errors(unittest.TestCase):\n    def test_scenario_1(self):\n        # Test for syntax_errors\n        result = function_under_test(test_data)\n        self.assertEqual(result, expected_result)\n",
      "test_type": "integration"
    },
    {
      "file_name": "test_syntax_errors_2.python",
      "test_code": "import unittest\n\nclass TestSyntax_Errors(unittest.TestCase):\n    def test_scenario_2(self):\n        # Test for syntax_errors\n        result = function_under_test(test_data)\n        self.assertEqual(result, expected_result)\n",
      "test_type": "integration"
    },
    {
      "file_name": "test_syntax_errors_3.python",
      "test_code": "import unittest\n\nclass TestSyntax_Errors(unittest.TestCase):\n    def test_scenario_3(self):\n        # Test for syntax_errors\n        result = function_under_test(test_data)\n        self.assertEqual(result, expected_result)\n",
      "test_type": "e2e"
    }
  ],
  "error_artifacts": [
    {
      "error_type": "syntax_errors",
      "error_message": "SyntaxError: invalid syntax at line 59",
      "stack_trace": "Traceback (most recent call last):\n  File \"main.py\", line 42, in <module>\n    result = process_data(input_data)\n  File \"processor.py\", line 15, in process_data\n    return transform(validate(data))\n  File \"validator.py\", line 8, in validate\n    raise ValueError(\"Invalid data\")\nValueError: Invalid data",
      "timestamp": "2025-08-07T02:22:49.555248"
    },
    {
      "error_type": "syntax_errors",
      "error_message": "SyntaxError: invalid syntax at line 53",
      "stack_trace": "Traceback (most recent call last):\n  File \"main.py\", line 42, in <module>\n    result = process_data(input_data)\n  File \"processor.py\", line 15, in process_data\n    return transform(validate(data))\n  File \"validator.py\", line 8, in validate\n    raise ValueError(\"Invalid data\")\nValueError: Invalid data",
      "timestamp": "2025-08-07T02:22:49.555249"
    }
  ],
  "symptoms": [
    "Code fails to compile/run",
    "Syntax error message displayed",
    "IDE highlights error"
  ],
  "error_location": {
    "file": "main.py",
    "line": 181,
    "function": "process_function",
    "module": "utils"
  },
  "evaluation_criteria": {
    "must_find_files": [],
    "should_find_files": [],
    "retrieval_threshold": 0.75,
    "fix_validation": "must_pass_tests"
  }
}