{
  "bug_id": "MRR-SYNTAX_ERRORS-202508-0095",
  "category": "syntax_errors",
  "subcategory": "missing_semicolon",
  "language": "python",
  "description": "Syntax error: missing_semicolon causing compilation failure",
  "complexity": {
    "spatial_distribution": 2,
    "temporal_spread_months": 3,
    "abstraction_layers": 1,
    "obfuscation_level": "low",
    "cross_module_dependencies": 1,
    "artifact_types": 2
  },
  "code_snippets": {
    "buggy_code": "def process_data(items):\n    result = []\n    for item in items\n        result.append(item * 2)\n    return result",
    "fixed_code": "def process_data(items):\n    result = []\n    for item in items:\n        result.append(item * 2)\n    return result"
  },
  "scattered_context": [
    {
      "file_path": "models/file_1.py",
      "content": "# Helper code for syntax_errors\ndef helper(): pass",
      "relevance": "low",
      "relationship": "imports",
      "specific_issue": "Related to syntax_errors issue",
      "line_numbers": [
        136
      ]
    },
    {
      "file_path": "core/file_2.py",
      "content": "def important_function(param):\n    # Important logic for syntax_errors\n    result = []\n    for item in param:\n        result.append(process_item(item))\n    return result",
      "relevance": "high",
      "relationship": "implements",
      "specific_issue": "Related to syntax_errors issue",
      "line_numbers": [
        74,
        155,
        182,
        108
      ]
    }
  ],
  "temporal_info": {
    "bug_introduced": "2025-05-09",
    "temporal_spread_days": 90,
    "refactoring_events": 0,
    "related_commits": [
      {
        "hash": "5fd67fb9",
        "date": "2025-06-27",
        "message": "Refactored module 0",
        "files": [
          "file_0.py",
          "file_1.py",
          "file_2.py",
          "file_3.py",
          "file_4.py"
        ]
      },
      {
        "hash": "94d3bf18",
        "date": "2025-06-18",
        "message": "Refactored module 1",
        "files": [
          "file_0.py",
          "file_1.py"
        ]
      },
      {
        "hash": "b9169d7a",
        "date": "2025-06-09",
        "message": "Refactored module 2",
        "files": [
          "file_0.py"
        ]
      },
      {
        "hash": "d7263f20",
        "date": "2025-07-17",
        "message": "Refactored module 3",
        "files": [
          "file_0.py",
          "file_1.py",
          "file_2.py",
          "file_3.py",
          "file_4.py"
        ]
      },
      {
        "hash": "8416941f",
        "date": "2025-07-06",
        "message": "Refactored module 4",
        "files": [
          "file_0.py",
          "file_1.py",
          "file_2.py"
        ]
      }
    ]
  },
  "retrieval_paths": {
    "explicit": [
      {
        "from": "models/file_1.py",
        "to": "core/file_2.py",
        "type": "extends"
      }
    ],
    "implicit": [
      {
        "files": [
          "core/file_2.py",
          "models/file_1.py"
        ],
        "pattern": "shared_dependency"
      }
    ],
    "compositional": [
      {
        "path": [
          "models/file_1.py",
          "core/file_2.py"
        ],
        "depth": 1
      }
    ]
  },
  "obfuscation": {
    "obfuscation_level": "low",
    "renamed_entities": {
      "variable_0": "var_0",
      "variable_1": "var_1"
    },
    "moved_files": 0,
    "refactored_modules": 0
  },
  "ground_truth": {
    "root_cause": "missing_semicolon in main processing logic",
    "fix_type": "syntax_correction",
    "must_find_files": [
      "core/file_2.py"
    ],
    "should_find_files": [],
    "expected_behavior": {
      "should_not_error": true,
      "expected_output": "Correct processing result",
      "performance_threshold": 0.7232117044601675
    }
  },
  "test_artifacts": [
    {
      "file_name": "test_syntax_errors_1.python",
      "test_code": "import unittest\n\nclass TestSyntax_Errors(unittest.TestCase):\n    def test_scenario_1(self):\n        # Test for syntax_errors\n        result = function_under_test(test_data)\n        self.assertEqual(result, expected_result)\n",
      "test_type": "unit"
    },
    {
      "file_name": "test_syntax_errors_2.python",
      "test_code": "import unittest\n\nclass TestSyntax_Errors(unittest.TestCase):\n    def test_scenario_2(self):\n        # Test for syntax_errors\n        result = function_under_test(test_data)\n        self.assertEqual(result, expected_result)\n",
      "test_type": "unit"
    }
  ],
  "error_artifacts": [
    {
      "error_type": "syntax_errors",
      "error_message": "SyntaxError: invalid syntax at line 56",
      "stack_trace": "Traceback (most recent call last):\n  File \"main.py\", line 42, in <module>\n    result = process_data(input_data)\n  File \"processor.py\", line 15, in process_data\n    return transform(validate(data))\n  File \"validator.py\", line 8, in validate\n    raise ValueError(\"Invalid data\")\nValueError: Invalid data",
      "timestamp": "2025-08-07T02:22:49.487499"
    },
    {
      "error_type": "syntax_errors",
      "error_message": "SyntaxError: invalid syntax at line 72",
      "stack_trace": "Traceback (most recent call last):\n  File \"main.py\", line 42, in <module>\n    result = process_data(input_data)\n  File \"processor.py\", line 15, in process_data\n    return transform(validate(data))\n  File \"validator.py\", line 8, in validate\n    raise ValueError(\"Invalid data\")\nValueError: Invalid data",
      "timestamp": "2025-08-07T02:22:49.487501"
    }
  ],
  "symptoms": [
    "Code fails to compile/run",
    "Syntax error message displayed",
    "IDE highlights error"
  ],
  "error_location": {
    "file": "main.py",
    "line": 56,
    "function": "process_function",
    "module": "services"
  },
  "evaluation_criteria": {
    "must_find_files": [],
    "should_find_files": [
      "core/file_2.py"
    ],
    "retrieval_threshold": 0.75,
    "fix_validation": "must_pass_tests"
  }
}