{
  "bug_id": "MRR-SYNTAX_ERRORS-202508-0129",
  "category": "syntax_errors",
  "subcategory": "invalid_token",
  "language": "python",
  "description": "Syntax error: invalid_token causing compilation failure",
  "complexity": {
    "spatial_distribution": 4,
    "temporal_spread_months": 2,
    "abstraction_layers": 2,
    "obfuscation_level": "low",
    "cross_module_dependencies": 0,
    "artifact_types": 3
  },
  "code_snippets": {
    "buggy_code": "def buggy_function_invalid_token(data):\n    # Bug: invalid_token\n    result = []\n    for item in data:\n        # Buggy logic here\n        if item > 0:\n            result.append(item)\n    return result",
    "fixed_code": "def fixed_function_invalid_token(data):\n    # Fixed: invalid_token\n    result = []\n    for item in data:\n        # Fixed logic here\n        if item >= 0:\n            result.append(item)\n    return result"
  },
  "scattered_context": [
    {
      "file_path": "core/file_1.py",
      "content": "# Helper code for syntax_errors\ndef helper(): pass",
      "relevance": "medium",
      "relationship": "imports",
      "specific_issue": "Related to syntax_errors issue",
      "line_numbers": [
        57
      ]
    },
    {
      "file_path": "controllers/file_2.py",
      "content": "# Helper code for syntax_errors\ndef helper(): pass",
      "relevance": "medium",
      "relationship": "extends",
      "specific_issue": "Related to syntax_errors issue",
      "line_numbers": [
        175,
        126
      ]
    },
    {
      "file_path": "utils/file_3.py",
      "content": "# Helper code for syntax_errors\ndef helper(): pass",
      "relevance": "low",
      "relationship": "tests",
      "specific_issue": "Related to syntax_errors issue",
      "line_numbers": [
        32,
        157,
        104
      ]
    },
    {
      "file_path": "helpers/file_4.py",
      "content": "# Helper code for syntax_errors\ndef helper(): pass",
      "relevance": "medium",
      "relationship": "calls",
      "specific_issue": "Related to syntax_errors issue",
      "line_numbers": [
        109,
        88,
        98,
        21
      ]
    }
  ],
  "temporal_info": {
    "bug_introduced": "2025-06-08",
    "temporal_spread_days": 60,
    "refactoring_events": 0,
    "related_commits": [
      {
        "hash": "5fd67fb9",
        "date": "2025-07-02",
        "message": "Refactored module 0",
        "files": [
          "file_0.py"
        ]
      },
      {
        "hash": "94d3bf18",
        "date": "2025-08-02",
        "message": "Refactored module 1",
        "files": [
          "file_0.py",
          "file_1.py",
          "file_2.py",
          "file_3.py",
          "file_4.py"
        ]
      },
      {
        "hash": "b9169d7a",
        "date": "2025-07-18",
        "message": "Refactored module 2",
        "files": [
          "file_0.py",
          "file_1.py"
        ]
      },
      {
        "hash": "d7263f20",
        "date": "2025-06-23",
        "message": "Refactored module 3",
        "files": [
          "file_0.py",
          "file_1.py",
          "file_2.py"
        ]
      },
      {
        "hash": "8416941f",
        "date": "2025-07-17",
        "message": "Refactored module 4",
        "files": [
          "file_0.py",
          "file_1.py",
          "file_2.py",
          "file_3.py"
        ]
      },
      {
        "hash": "edd0a651",
        "date": "2025-07-26",
        "message": "Refactored module 5",
        "files": [
          "file_0.py",
          "file_1.py",
          "file_2.py",
          "file_3.py",
          "file_4.py"
        ]
      }
    ]
  },
  "retrieval_paths": {
    "explicit": [
      {
        "from": "core/file_1.py",
        "to": "controllers/file_2.py",
        "type": "imports"
      },
      {
        "from": "controllers/file_2.py",
        "to": "utils/file_3.py",
        "type": "imports"
      },
      {
        "from": "utils/file_3.py",
        "to": "helpers/file_4.py",
        "type": "extends"
      }
    ],
    "implicit": [
      {
        "files": [
          "utils/file_3.py",
          "helpers/file_4.py",
          "controllers/file_2.py"
        ],
        "pattern": "shared_dependency"
      },
      {
        "files": [
          "controllers/file_2.py",
          "core/file_1.py",
          "utils/file_3.py"
        ],
        "pattern": "shared_dependency"
      }
    ],
    "compositional": [
      {
        "path": [
          "utils/file_3.py",
          "controllers/file_2.py"
        ],
        "depth": 1
      },
      {
        "path": [
          "utils/file_3.py",
          "controllers/file_2.py",
          "core/file_1.py"
        ],
        "depth": 2
      }
    ]
  },
  "obfuscation": {
    "obfuscation_level": "low",
    "renamed_entities": {
      "variable_0": "var_0",
      "variable_1": "var_1",
      "variable_2": "var_2"
    },
    "moved_files": 0,
    "refactored_modules": 0
  },
  "ground_truth": {
    "root_cause": "invalid_token in main processing logic",
    "fix_type": "syntax_correction",
    "must_find_files": [],
    "should_find_files": [
      "core/file_1.py",
      "controllers/file_2.py",
      "helpers/file_4.py"
    ],
    "expected_behavior": {
      "should_not_error": true,
      "expected_output": "Correct processing result",
      "performance_threshold": 1.447438974408462
    }
  },
  "test_artifacts": [
    {
      "file_name": "test_syntax_errors_1.python",
      "test_code": "import unittest\n\nclass TestSyntax_Errors(unittest.TestCase):\n    def test_scenario_1(self):\n        # Test for syntax_errors\n        result = function_under_test(test_data)\n        self.assertEqual(result, expected_result)\n",
      "test_type": "integration"
    },
    {
      "file_name": "test_syntax_errors_2.python",
      "test_code": "import unittest\n\nclass TestSyntax_Errors(unittest.TestCase):\n    def test_scenario_2(self):\n        # Test for syntax_errors\n        result = function_under_test(test_data)\n        self.assertEqual(result, expected_result)\n",
      "test_type": "e2e"
    },
    {
      "file_name": "test_syntax_errors_3.python",
      "test_code": "import unittest\n\nclass TestSyntax_Errors(unittest.TestCase):\n    def test_scenario_3(self):\n        # Test for syntax_errors\n        result = function_under_test(test_data)\n        self.assertEqual(result, expected_result)\n",
      "test_type": "integration"
    }
  ],
  "error_artifacts": [
    {
      "error_type": "syntax_errors",
      "error_message": "SyntaxError: invalid syntax at line 73",
      "stack_trace": "Traceback (most recent call last):\n  File \"main.py\", line 42, in <module>\n    result = process_data(input_data)\n  File \"processor.py\", line 15, in process_data\n    return transform(validate(data))\n  File \"validator.py\", line 8, in validate\n    raise ValueError(\"Invalid data\")\nValueError: Invalid data",
      "timestamp": "2025-08-07T02:22:49.499231"
    },
    {
      "error_type": "syntax_errors",
      "error_message": "SyntaxError: invalid syntax at line 84",
      "stack_trace": "Traceback (most recent call last):\n  File \"main.py\", line 42, in <module>\n    result = process_data(input_data)\n  File \"processor.py\", line 15, in process_data\n    return transform(validate(data))\n  File \"validator.py\", line 8, in validate\n    raise ValueError(\"Invalid data\")\nValueError: Invalid data",
      "timestamp": "2025-08-07T02:22:49.499232"
    }
  ],
  "symptoms": [
    "Code fails to compile/run",
    "Syntax error message displayed",
    "IDE highlights error"
  ],
  "error_location": {
    "file": "main.py",
    "line": 105,
    "function": "process_function",
    "module": "core"
  },
  "evaluation_criteria": {
    "must_find_files": [],
    "should_find_files": [],
    "retrieval_threshold": 0.75,
    "fix_validation": "must_pass_tests"
  }
}