{
  "bug_id": "MRR-SYNTAX_ERRORS-202508-0361",
  "category": "syntax_errors",
  "subcategory": "missing_bracket",
  "language": "python",
  "description": "Syntax error: missing_bracket causing compilation failure",
  "complexity": {
    "spatial_distribution": 2,
    "temporal_spread_months": 2,
    "abstraction_layers": 2,
    "obfuscation_level": "low",
    "cross_module_dependencies": 2,
    "artifact_types": 5
  },
  "code_snippets": {
    "buggy_code": "def calculate(a, b):\n    return (a + b * 2",
    "fixed_code": "def calculate(a, b):\n    return (a + b) * 2"
  },
  "scattered_context": [
    {
      "file_path": "controllers/file_1.py",
      "content": "# Helper code for syntax_errors\ndef helper(): pass",
      "relevance": "low",
      "relationship": "uses",
      "specific_issue": "Related to syntax_errors issue",
      "line_numbers": [
        130
      ]
    },
    {
      "file_path": "core/file_2.py",
      "content": "# Helper code for syntax_errors\ndef helper(): pass",
      "relevance": "medium",
      "relationship": "calls",
      "specific_issue": "Related to syntax_errors issue",
      "line_numbers": [
        194,
        127,
        134
      ]
    }
  ],
  "temporal_info": {
    "bug_introduced": "2025-06-08",
    "temporal_spread_days": 60,
    "refactoring_events": 2,
    "related_commits": [
      {
        "hash": "5fd67fb9",
        "date": "2025-07-26",
        "message": "Refactored module 0",
        "files": [
          "file_0.py",
          "file_1.py",
          "file_2.py",
          "file_3.py",
          "file_4.py"
        ]
      },
      {
        "hash": "94d3bf18",
        "date": "2025-07-17",
        "message": "Refactored module 1",
        "files": [
          "file_0.py",
          "file_1.py",
          "file_2.py",
          "file_3.py",
          "file_4.py"
        ]
      },
      {
        "hash": "b9169d7a",
        "date": "2025-06-15",
        "message": "Refactored module 2",
        "files": [
          "file_0.py"
        ]
      }
    ]
  },
  "retrieval_paths": {
    "explicit": [
      {
        "from": "controllers/file_1.py",
        "to": "core/file_2.py",
        "type": "extends"
      }
    ],
    "implicit": [
      {
        "files": [
          "core/file_2.py",
          "controllers/file_1.py"
        ],
        "pattern": "shared_dependency"
      }
    ],
    "compositional": [
      {
        "path": [
          "core/file_2.py",
          "controllers/file_1.py"
        ],
        "depth": 1
      },
      {
        "path": [
          "core/file_2.py",
          "controllers/file_1.py"
        ],
        "depth": 2
      }
    ]
  },
  "obfuscation": {
    "obfuscation_level": "low",
    "renamed_entities": {
      "variable_0": "var_0",
      "variable_1": "var_1"
    },
    "moved_files": 0,
    "refactored_modules": 0
  },
  "ground_truth": {
    "root_cause": "missing_bracket in main processing logic",
    "fix_type": "syntax_correction",
    "must_find_files": [],
    "should_find_files": [
      "core/file_2.py"
    ],
    "expected_behavior": {
      "should_not_error": true,
      "expected_output": "Correct processing result",
      "performance_threshold": 1.704410850909315
    }
  },
  "test_artifacts": [
    {
      "file_name": "test_syntax_errors_1.python",
      "test_code": "import unittest\n\nclass TestSyntax_Errors(unittest.TestCase):\n    def test_scenario_1(self):\n        # Test for syntax_errors\n        result = function_under_test(test_data)\n        self.assertEqual(result, expected_result)\n",
      "test_type": "integration"
    },
    {
      "file_name": "test_syntax_errors_2.python",
      "test_code": "import unittest\n\nclass TestSyntax_Errors(unittest.TestCase):\n    def test_scenario_2(self):\n        # Test for syntax_errors\n        result = function_under_test(test_data)\n        self.assertEqual(result, expected_result)\n",
      "test_type": "integration"
    }
  ],
  "error_artifacts": [
    {
      "error_type": "syntax_errors",
      "error_message": "SyntaxError: invalid syntax at line 77",
      "stack_trace": "Traceback (most recent call last):\n  File \"main.py\", line 42, in <module>\n    result = process_data(input_data)\n  File \"processor.py\", line 15, in process_data\n    return transform(validate(data))\n  File \"validator.py\", line 8, in validate\n    raise ValueError(\"Invalid data\")\nValueError: Invalid data",
      "timestamp": "2025-08-07T02:22:49.572046"
    },
    {
      "error_type": "syntax_errors",
      "error_message": "SyntaxError: invalid syntax at line 24",
      "stack_trace": "Traceback (most recent call last):\n  File \"main.py\", line 42, in <module>\n    result = process_data(input_data)\n  File \"processor.py\", line 15, in process_data\n    return transform(validate(data))\n  File \"validator.py\", line 8, in validate\n    raise ValueError(\"Invalid data\")\nValueError: Invalid data",
      "timestamp": "2025-08-07T02:22:49.572047"
    }
  ],
  "symptoms": [
    "Code fails to compile/run",
    "Syntax error message displayed",
    "IDE highlights error"
  ],
  "error_location": {
    "file": "main.py",
    "line": 119,
    "function": "process_function",
    "module": "services"
  },
  "evaluation_criteria": {
    "must_find_files": [],
    "should_find_files": [],
    "retrieval_threshold": 0.75,
    "fix_validation": "must_pass_tests"
  }
}