{
  "bug_id": "MRR-SYNTAX_ERRORS-202508-0384",
  "category": "syntax_errors",
  "subcategory": "missing_semicolon",
  "language": "python",
  "description": "Syntax error: missing_semicolon causing compilation failure",
  "complexity": {
    "spatial_distribution": 3,
    "temporal_spread_months": 2,
    "abstraction_layers": 1,
    "obfuscation_level": "low",
    "cross_module_dependencies": 0,
    "artifact_types": 2
  },
  "code_snippets": {
    "buggy_code": "def process_data(items):\n    result = []\n    for item in items\n        result.append(item * 2)\n    return result",
    "fixed_code": "def process_data(items):\n    result = []\n    for item in items:\n        result.append(item * 2)\n    return result"
  },
  "scattered_context": [
    {
      "file_path": "services/file_1.py",
      "content": "def important_function(param):\n    # Important logic for syntax_errors\n    result = []\n    for item in param:\n        result.append(process_item(item))\n    return result",
      "relevance": "high",
      "relationship": "tests",
      "specific_issue": "Related to syntax_errors issue",
      "line_numbers": [
        42,
        77,
        182,
        84,
        79
      ]
    },
    {
      "file_path": "services/file_2.py",
      "content": "def important_function(param):\n    # Important logic for syntax_errors\n    result = []\n    for item in param:\n        result.append(process_item(item))\n    return result",
      "relevance": "high",
      "relationship": "tests",
      "specific_issue": "Related to syntax_errors issue",
      "line_numbers": [
        15,
        143,
        131
      ]
    },
    {
      "file_path": "controllers/file_3.py",
      "content": "# Helper code for syntax_errors\ndef helper(): pass",
      "relevance": "medium",
      "relationship": "imports",
      "specific_issue": "Related to syntax_errors issue",
      "line_numbers": [
        10,
        166,
        24
      ]
    }
  ],
  "temporal_info": {
    "bug_introduced": "2025-06-08",
    "temporal_spread_days": 60,
    "refactoring_events": 1,
    "related_commits": [
      {
        "hash": "5fd67fb9",
        "date": "2025-08-01",
        "message": "Refactored module 0",
        "files": [
          "file_0.py",
          "file_1.py",
          "file_2.py",
          "file_3.py",
          "file_4.py"
        ]
      },
      {
        "hash": "94d3bf18",
        "date": "2025-07-27",
        "message": "Refactored module 1",
        "files": [
          "file_0.py",
          "file_1.py",
          "file_2.py",
          "file_3.py",
          "file_4.py"
        ]
      },
      {
        "hash": "b9169d7a",
        "date": "2025-06-12",
        "message": "Refactored module 2",
        "files": [
          "file_0.py"
        ]
      }
    ]
  },
  "retrieval_paths": {
    "explicit": [
      {
        "from": "services/file_1.py",
        "to": "services/file_2.py",
        "type": "calls"
      },
      {
        "from": "services/file_2.py",
        "to": "controllers/file_3.py",
        "type": "extends"
      }
    ],
    "implicit": [
      {
        "files": [
          "services/file_1.py",
          "controllers/file_3.py",
          "services/file_2.py"
        ],
        "pattern": "shared_dependency"
      }
    ],
    "compositional": [
      {
        "path": [
          "controllers/file_3.py",
          "services/file_2.py"
        ],
        "depth": 1
      }
    ]
  },
  "obfuscation": {
    "obfuscation_level": "low",
    "renamed_entities": {
      "variable_0": "var_0",
      "variable_1": "var_1",
      "variable_2": "var_2"
    },
    "moved_files": 0,
    "refactored_modules": 0
  },
  "ground_truth": {
    "root_cause": "missing_semicolon in main processing logic",
    "fix_type": "syntax_correction",
    "must_find_files": [
      "services/file_1.py",
      "services/file_2.py"
    ],
    "should_find_files": [
      "controllers/file_3.py"
    ],
    "expected_behavior": {
      "should_not_error": true,
      "expected_output": "Correct processing result",
      "performance_threshold": 1.9901891294931178
    }
  },
  "test_artifacts": [
    {
      "file_name": "test_syntax_errors_1.python",
      "test_code": "import unittest\n\nclass TestSyntax_Errors(unittest.TestCase):\n    def test_scenario_1(self):\n        # Test for syntax_errors\n        result = function_under_test(test_data)\n        self.assertEqual(result, expected_result)\n",
      "test_type": "e2e"
    },
    {
      "file_name": "test_syntax_errors_2.python",
      "test_code": "import unittest\n\nclass TestSyntax_Errors(unittest.TestCase):\n    def test_scenario_2(self):\n        # Test for syntax_errors\n        result = function_under_test(test_data)\n        self.assertEqual(result, expected_result)\n",
      "test_type": "integration"
    },
    {
      "file_name": "test_syntax_errors_3.python",
      "test_code": "import unittest\n\nclass TestSyntax_Errors(unittest.TestCase):\n    def test_scenario_3(self):\n        # Test for syntax_errors\n        result = function_under_test(test_data)\n        self.assertEqual(result, expected_result)\n",
      "test_type": "e2e"
    }
  ],
  "error_artifacts": [
    {
      "error_type": "syntax_errors",
      "error_message": "SyntaxError: invalid syntax at line 61",
      "stack_trace": "Traceback (most recent call last):\n  File \"main.py\", line 42, in <module>\n    result = process_data(input_data)\n  File \"processor.py\", line 15, in process_data\n    return transform(validate(data))\n  File \"validator.py\", line 8, in validate\n    raise ValueError(\"Invalid data\")\nValueError: Invalid data",
      "timestamp": "2025-08-07T02:22:49.580356"
    },
    {
      "error_type": "syntax_errors",
      "error_message": "SyntaxError: invalid syntax at line 94",
      "stack_trace": "Traceback (most recent call last):\n  File \"main.py\", line 42, in <module>\n    result = process_data(input_data)\n  File \"processor.py\", line 15, in process_data\n    return transform(validate(data))\n  File \"validator.py\", line 8, in validate\n    raise ValueError(\"Invalid data\")\nValueError: Invalid data",
      "timestamp": "2025-08-07T02:22:49.580358"
    }
  ],
  "symptoms": [
    "Code fails to compile/run",
    "Syntax error message displayed",
    "IDE highlights error"
  ],
  "error_location": {
    "file": "main.py",
    "line": 191,
    "function": "process_function",
    "module": "utils"
  },
  "evaluation_criteria": {
    "must_find_files": [],
    "should_find_files": [
      "services/file_1.py",
      "services/file_2.py"
    ],
    "retrieval_threshold": 0.75,
    "fix_validation": "must_pass_tests"
  }
}