{
  "bug_id": "MRR-SYNTAX_ERRORS-202508-0478",
  "category": "syntax_errors",
  "subcategory": "missing_bracket",
  "language": "python",
  "description": "Syntax error: missing_bracket causing compilation failure",
  "complexity": {
    "spatial_distribution": 1,
    "temporal_spread_months": 2,
    "abstraction_layers": 2,
    "obfuscation_level": "low",
    "cross_module_dependencies": 2,
    "artifact_types": 2
  },
  "code_snippets": {
    "buggy_code": "def calculate(a, b):\n    return (a + b * 2",
    "fixed_code": "def calculate(a, b):\n    return (a + b) * 2"
  },
  "scattered_context": [
    {
      "file_path": "models/file_1.py",
      "content": "# Helper code for syntax_errors\ndef helper(): pass",
      "relevance": "low",
      "relationship": "imports",
      "specific_issue": "Related to syntax_errors issue",
      "line_numbers": [
        103,
        72,
        125
      ]
    }
  ],
  "temporal_info": {
    "bug_introduced": "2025-06-08",
    "temporal_spread_days": 60,
    "refactoring_events": 2,
    "related_commits": [
      {
        "hash": "5fd67fb9",
        "date": "2025-08-03",
        "message": "Refactored module 0",
        "files": [
          "file_0.py",
          "file_1.py"
        ]
      },
      {
        "hash": "94d3bf18",
        "date": "2025-07-06",
        "message": "Refactored module 1",
        "files": [
          "file_0.py",
          "file_1.py"
        ]
      },
      {
        "hash": "b9169d7a",
        "date": "2025-06-24",
        "message": "Refactored module 2",
        "files": [
          "file_0.py",
          "file_1.py",
          "file_2.py",
          "file_3.py"
        ]
      },
      {
        "hash": "d7263f20",
        "date": "2025-07-13",
        "message": "Refactored module 3",
        "files": [
          "file_0.py",
          "file_1.py"
        ]
      },
      {
        "hash": "8416941f",
        "date": "2025-07-11",
        "message": "Refactored module 4",
        "files": [
          "file_0.py",
          "file_1.py"
        ]
      },
      {
        "hash": "edd0a651",
        "date": "2025-08-01",
        "message": "Refactored module 5",
        "files": [
          "file_0.py"
        ]
      }
    ]
  },
  "retrieval_paths": {
    "explicit": [],
    "implicit": [],
    "compositional": [
      {
        "path": [
          "models/file_1.py"
        ],
        "depth": 1
      },
      {
        "path": [
          "models/file_1.py"
        ],
        "depth": 2
      }
    ]
  },
  "obfuscation": {
    "obfuscation_level": "low",
    "renamed_entities": {
      "variable_0": "var_0",
      "variable_1": "var_1",
      "variable_2": "var_2"
    },
    "moved_files": 0,
    "refactored_modules": 0
  },
  "ground_truth": {
    "root_cause": "missing_bracket in main processing logic",
    "fix_type": "syntax_correction",
    "must_find_files": [],
    "should_find_files": [],
    "expected_behavior": {
      "should_not_error": true,
      "expected_output": "Correct processing result",
      "performance_threshold": 1.2857842322308017
    }
  },
  "test_artifacts": [
    {
      "file_name": "test_syntax_errors_1.python",
      "test_code": "import unittest\n\nclass TestSyntax_Errors(unittest.TestCase):\n    def test_scenario_1(self):\n        # Test for syntax_errors\n        result = function_under_test(test_data)\n        self.assertEqual(result, expected_result)\n",
      "test_type": "unit"
    }
  ],
  "error_artifacts": [
    {
      "error_type": "syntax_errors",
      "error_message": "SyntaxError: invalid syntax at line 62",
      "stack_trace": "Traceback (most recent call last):\n  File \"main.py\", line 42, in <module>\n    result = process_data(input_data)\n  File \"processor.py\", line 15, in process_data\n    return transform(validate(data))\n  File \"validator.py\", line 8, in validate\n    raise ValueError(\"Invalid data\")\nValueError: Invalid data",
      "timestamp": "2025-08-07T02:22:49.613684"
    },
    {
      "error_type": "syntax_errors",
      "error_message": "SyntaxError: invalid syntax at line 79",
      "stack_trace": "Traceback (most recent call last):\n  File \"main.py\", line 42, in <module>\n    result = process_data(input_data)\n  File \"processor.py\", line 15, in process_data\n    return transform(validate(data))\n  File \"validator.py\", line 8, in validate\n    raise ValueError(\"Invalid data\")\nValueError: Invalid data",
      "timestamp": "2025-08-07T02:22:49.613685"
    }
  ],
  "symptoms": [
    "Code fails to compile/run",
    "Syntax error message displayed",
    "IDE highlights error"
  ],
  "error_location": {
    "file": "main.py",
    "line": 80,
    "function": "process_function",
    "module": "services"
  },
  "evaluation_criteria": {
    "must_find_files": [],
    "should_find_files": [],
    "retrieval_threshold": 0.75,
    "fix_validation": "must_pass_tests"
  }
}