{
  "bug_id": "MRR-SYNTAX_ERRORS-202508-0133",
  "category": "syntax_errors",
  "subcategory": "invalid_token",
  "language": "python",
  "description": "Syntax error: invalid_token causing compilation failure",
  "complexity": {
    "spatial_distribution": 5,
    "temporal_spread_months": 1,
    "abstraction_layers": 2,
    "obfuscation_level": "low",
    "cross_module_dependencies": 0,
    "artifact_types": 5
  },
  "code_snippets": {
    "buggy_code": "def buggy_function_invalid_token(data):\n    # Bug: invalid_token\n    result = []\n    for item in data:\n        # Buggy logic here\n        if item > 0:\n            result.append(item)\n    return result",
    "fixed_code": "def fixed_function_invalid_token(data):\n    # Fixed: invalid_token\n    result = []\n    for item in data:\n        # Fixed logic here\n        if item >= 0:\n            result.append(item)\n    return result"
  },
  "scattered_context": [
    {
      "file_path": "models/file_1.py",
      "content": "def important_function(param):\n    # Important logic for syntax_errors\n    result = []\n    for item in param:\n        result.append(process_item(item))\n    return result",
      "relevance": "high",
      "relationship": "extends",
      "specific_issue": "Related to syntax_errors issue",
      "line_numbers": [
        102,
        165,
        126,
        79
      ]
    },
    {
      "file_path": "models/file_2.py",
      "content": "def important_function(param):\n    # Important logic for syntax_errors\n    result = []\n    for item in param:\n        result.append(process_item(item))\n    return result",
      "relevance": "high",
      "relationship": "implements",
      "specific_issue": "Related to syntax_errors issue",
      "line_numbers": [
        164
      ]
    },
    {
      "file_path": "helpers/file_3.py",
      "content": "# Helper code for syntax_errors\ndef helper(): pass",
      "relevance": "medium",
      "relationship": "uses",
      "specific_issue": "Related to syntax_errors issue",
      "line_numbers": [
        45
      ]
    },
    {
      "file_path": "controllers/file_4.py",
      "content": "def important_function(param):\n    # Important logic for syntax_errors\n    result = []\n    for item in param:\n        result.append(process_item(item))\n    return result",
      "relevance": "high",
      "relationship": "imports",
      "specific_issue": "Related to syntax_errors issue",
      "line_numbers": [
        49,
        33
      ]
    },
    {
      "file_path": "helpers/file_5.py",
      "content": "# Helper code for syntax_errors\ndef helper(): pass",
      "relevance": "low",
      "relationship": "implements",
      "specific_issue": "Related to syntax_errors issue",
      "line_numbers": [
        106,
        14
      ]
    }
  ],
  "temporal_info": {
    "bug_introduced": "2025-07-08",
    "temporal_spread_days": 30,
    "refactoring_events": 5,
    "related_commits": [
      {
        "hash": "5fd67fb9",
        "date": "2025-07-17",
        "message": "Refactored module 0",
        "files": [
          "file_0.py",
          "file_1.py"
        ]
      },
      {
        "hash": "94d3bf18",
        "date": "2025-08-01",
        "message": "Refactored module 1",
        "files": [
          "file_0.py",
          "file_1.py"
        ]
      },
      {
        "hash": "b9169d7a",
        "date": "2025-07-27",
        "message": "Refactored module 2",
        "files": [
          "file_0.py"
        ]
      }
    ]
  },
  "retrieval_paths": {
    "explicit": [
      {
        "from": "models/file_1.py",
        "to": "models/file_2.py",
        "type": "extends"
      },
      {
        "from": "models/file_2.py",
        "to": "helpers/file_3.py",
        "type": "imports"
      },
      {
        "from": "helpers/file_3.py",
        "to": "controllers/file_4.py",
        "type": "calls"
      },
      {
        "from": "controllers/file_4.py",
        "to": "helpers/file_5.py",
        "type": "imports"
      }
    ],
    "implicit": [
      {
        "files": [
          "helpers/file_3.py",
          "helpers/file_5.py",
          "models/file_2.py"
        ],
        "pattern": "shared_dependency"
      },
      {
        "files": [
          "models/file_2.py",
          "models/file_1.py",
          "controllers/file_4.py"
        ],
        "pattern": "shared_dependency"
      }
    ],
    "compositional": [
      {
        "path": [
          "helpers/file_5.py",
          "controllers/file_4.py"
        ],
        "depth": 1
      },
      {
        "path": [
          "models/file_2.py",
          "helpers/file_3.py",
          "controllers/file_4.py"
        ],
        "depth": 2
      }
    ]
  },
  "obfuscation": {
    "obfuscation_level": "low",
    "renamed_entities": {
      "variable_0": "var_0",
      "variable_1": "var_1"
    },
    "moved_files": 0,
    "refactored_modules": 0
  },
  "ground_truth": {
    "root_cause": "invalid_token in main processing logic",
    "fix_type": "syntax_correction",
    "must_find_files": [
      "models/file_1.py",
      "models/file_2.py",
      "controllers/file_4.py"
    ],
    "should_find_files": [
      "helpers/file_3.py"
    ],
    "expected_behavior": {
      "should_not_error": true,
      "expected_output": "Correct processing result",
      "performance_threshold": 1.410310121754244
    }
  },
  "test_artifacts": [
    {
      "file_name": "test_syntax_errors_1.python",
      "test_code": "import unittest\n\nclass TestSyntax_Errors(unittest.TestCase):\n    def test_scenario_1(self):\n        # Test for syntax_errors\n        result = function_under_test(test_data)\n        self.assertEqual(result, expected_result)\n",
      "test_type": "unit"
    },
    {
      "file_name": "test_syntax_errors_2.python",
      "test_code": "import unittest\n\nclass TestSyntax_Errors(unittest.TestCase):\n    def test_scenario_2(self):\n        # Test for syntax_errors\n        result = function_under_test(test_data)\n        self.assertEqual(result, expected_result)\n",
      "test_type": "unit"
    },
    {
      "file_name": "test_syntax_errors_3.python",
      "test_code": "import unittest\n\nclass TestSyntax_Errors(unittest.TestCase):\n    def test_scenario_3(self):\n        # Test for syntax_errors\n        result = function_under_test(test_data)\n        self.assertEqual(result, expected_result)\n",
      "test_type": "integration"
    }
  ],
  "error_artifacts": [
    {
      "error_type": "syntax_errors",
      "error_message": "SyntaxError: invalid syntax at line 42",
      "stack_trace": "Traceback (most recent call last):\n  File \"main.py\", line 42, in <module>\n    result = process_data(input_data)\n  File \"processor.py\", line 15, in process_data\n    return transform(validate(data))\n  File \"validator.py\", line 8, in validate\n    raise ValueError(\"Invalid data\")\nValueError: Invalid data",
      "timestamp": "2025-08-07T02:22:49.500517"
    },
    {
      "error_type": "syntax_errors",
      "error_message": "SyntaxError: invalid syntax at line 38",
      "stack_trace": "Traceback (most recent call last):\n  File \"main.py\", line 42, in <module>\n    result = process_data(input_data)\n  File \"processor.py\", line 15, in process_data\n    return transform(validate(data))\n  File \"validator.py\", line 8, in validate\n    raise ValueError(\"Invalid data\")\nValueError: Invalid data",
      "timestamp": "2025-08-07T02:22:49.500519"
    }
  ],
  "symptoms": [
    "Code fails to compile/run",
    "Syntax error message displayed",
    "IDE highlights error"
  ],
  "error_location": {
    "file": "main.py",
    "line": 43,
    "function": "process_function",
    "module": "services"
  },
  "evaluation_criteria": {
    "must_find_files": [],
    "should_find_files": [
      "models/file_1.py",
      "models/file_2.py"
    ],
    "retrieval_threshold": 0.75,
    "fix_validation": "must_pass_tests"
  }
}